# JRE version: Java(TM) SE Runtime Environment (8.0_191-b12) (build 1.8.0_191-b12)
# Java VM: Java HotSpot(TM) Client VM (25.191-b12 mixed mode windows-x86 )
Heap:
 def new generation   total 77248K, used 5500K [0x05200000, 0x0a5d0000, 0x0fca0000)
  eden space 68672K,   1% used [0x05200000, 0x052f1870, 0x09510000)
  from space 8576K,  52% used [0x09d70000, 0x0a1dda88, 0x0a5d0000)
  to   space 8576K,   0% used [0x09510000, 0x09510000, 0x09d70000)
 tenured generation   total 171552K, used 133913K [0x0fca0000, 0x1a428000, 0x25200000)
   the space 171552K,  78% used [0x0fca0000, 0x17f66608, 0x17f66800, 0x1a428000)
 Metaspace       used 25575K, capacity 26189K, committed 26240K, reserved 27008K
GC Heap History (10 events):
Event: 234.954 GC heap before
{Heap before GC invocations=20 (full 3):
 def new generation   total 77248K, used 72517K [0x05200000, 0x0a5d0000, 0x0fca0000)
  eden space 68672K, 100% used [0x05200000, 0x09510000, 0x09510000)
  from space 8576K,  44% used [0x09510000, 0x098d1720, 0x09d70000)
  to   space 8576K,   0% used [0x09d70000, 0x09d70000, 0x0a5d0000)
 tenured generation   total 171552K, used 113017K [0x0fca0000, 0x1a428000, 0x25200000)
   the space 171552K,  65% used [0x0fca0000, 0x16afe440, 0x16afe600, 0x1a428000)
 Metaspace       used 25144K, capacity 25755K, committed 25856K, reserved 25984K
Event: 234.957 GC heap after
Heap after GC invocations=21 (full 3):
 def new generation   total 77248K, used 6246K [0x05200000, 0x0a5d0000, 0x0fca0000)
  eden space 68672K,   0% used [0x05200000, 0x05200000, 0x09510000)
  from space 8576K,  72% used [0x09d70000, 0x0a389868, 0x0a5d0000)
  to   space 8576K,   0% used [0x09510000, 0x09510000, 0x09d70000)
 tenured generation   total 171552K, used 113017K [0x0fca0000, 0x1a428000, 0x25200000)
   the space 171552K,  65% used [0x0fca0000, 0x16afe440, 0x16afe600, 0x1a428000)
 Metaspace       used 25144K, capacity 25755K, committed 25856K, reserved 25984K
}
Event: 275.879 GC heap before
{Heap before GC invocations=21 (full 3):
 def new generation   total 77248K, used 71052K [0x05200000, 0x0a5d0000, 0x0fca0000)
  eden space 68672K,  94% used [0x05200000, 0x09149968, 0x09510000)
  from space 8576K,  72% used [0x09d70000, 0x0a389868, 0x0a5d0000)
  to   space 8576K,   0% used [0x09510000, 0x09510000, 0x09d70000)
 tenured generation   total 171552K, used 113017K [0x0fca0000, 0x1a428000, 0x25200000)
   the space 171552K,  65% used [0x0fca0000, 0x16afe440, 0x16afe600, 0x1a428000)
 Metaspace       used 25144K, capacity 25755K, committed 25856K, reserved 25984K
Event: 275.883 GC heap after
Heap after GC invocations=22 (full 3):
 def new generation   total 77248K, used 6960K [0x05200000, 0x0a5d0000, 0x0fca0000)
  eden space 68672K,   0% used [0x05200000, 0x05200000, 0x09510000)
  from space 8576K,  81% used [0x09510000, 0x09bdc260, 0x09d70000)
  to   space 8576K,   0% used [0x09d70000, 0x09d70000, 0x0a5d0000)
 tenured generation   total 171552K, used 113158K [0x0fca0000, 0x1a428000, 0x25200000)
   the space 171552K,  65% used [0x0fca0000, 0x16b218e0, 0x16b21a00, 0x1a428000)
 Metaspace       used 25144K, capacity 25755K, committed 25856K, reserved 25984K
}
Event: 301.681 GC heap before
{Heap before GC invocations=22 (full 3):
 def new generation   total 77248K, used 75632K [0x05200000, 0x0a5d0000, 0x0fca0000)
  eden space 68672K, 100% used [0x05200000, 0x09510000, 0x09510000)
  from space 8576K,  81% used [0x09510000, 0x09bdc260, 0x09d70000)
  to   space 8576K,   0% used [0x09d70000, 0x09d70000, 0x0a5d0000)
 tenured generation   total 171552K, used 113158K [0x0fca0000, 0x1a428000, 0x25200000)
   the space 171552K,  65% used [0x0fca0000, 0x16b218e0, 0x16b21a00, 0x1a428000)
 Metaspace       used 25144K, capacity 25755K, committed 25856K, reserved 25984K
Event: 301.684 GC heap after
Heap after GC invocations=23 (full 3):
 def new generation   total 77248K, used 8576K [0x05200000, 0x0a5d0000, 0x0fca0000)
  eden space 68672K,   0% used [0x05200000, 0x05200000, 0x09510000)
  from space 8576K, 100% used [0x09d70000, 0x0a5d0000, 0x0a5d0000)
  to   space 8576K,   0% used [0x09510000, 0x09510000, 0x09d70000)
 tenured generation   total 171552K, used 113732K [0x0fca0000, 0x1a428000, 0x25200000)
   the space 171552K,  66% used [0x0fca0000, 0x16bb1388, 0x16bb1400, 0x1a428000)
 Metaspace       used 25144K, capacity 25755K, committed 25856K, reserved 25984K
}
Event: 324.974 GC heap before
{Heap before GC invocations=23 (full 3):
 def new generation   total 77248K, used 75338K [0x05200000, 0x0a5d0000, 0x0fca0000)
  eden space 68672K,  97% used [0x05200000, 0x093329e8, 0x09510000)
  from space 8576K, 100% used [0x09d70000, 0x0a5d0000, 0x0a5d0000)
  to   space 8576K,   0% used [0x09510000, 0x09510000, 0x09d70000)
 tenured generation   total 171552K, used 113732K [0x0fca0000, 0x1a428000, 0x25200000)
   the space 171552K,  66% used [0x0fca0000, 0x16bb1388, 0x16bb1400, 0x1a428000)
 Metaspace       used 25144K, capacity 25755K, committed 25856K, reserved 25984K
Event: 324.978 GC heap after
Heap after GC invocations=24 (full 3):
 def new generation   total 77248K, used 434K [0x05200000, 0x0a5d0000, 0x0fca0000)
  eden space 68672K,   0% used [0x05200000, 0x05200000, 0x09510000)
  from space 8576K,   5% used [0x09510000, 0x0957c870, 0x09d70000)
  to   space 8576K,   0% used [0x09d70000, 0x09d70000, 0x0a5d0000)
 tenured generation   total 171552K, used 123319K [0x0fca0000, 0x1a428000, 0x25200000)
   the space 171552K,  71% used [0x0fca0000, 0x1750de48, 0x1750e000, 0x1a428000)
 Metaspace       used 25144K, capacity 25755K, committed 25856K, reserved 25984K
}
Event: 438.358 GC heap before
{Heap before GC invocations=24 (full 3):
 def new generation   total 77248K, used 69106K [0x05200000, 0x0a5d0000, 0x0fca0000)
  eden space 68672K, 100% used [0x05200000, 0x09510000, 0x09510000)
  from space 8576K,   5% used [0x09510000, 0x0957c870, 0x09d70000)
  to   space 8576K,   0% used [0x09d70000, 0x09d70000, 0x0a5d0000)
 tenured generation   total 171552K, used 123319K [0x0fca0000, 0x1a428000, 0x25200000)
   the space 171552K,  71% used [0x0fca0000, 0x1750de48, 0x1750e000, 0x1a428000)
 Metaspace       used 25572K, capacity 26189K, committed 26240K, reserved 27008K
Event: 438.366 GC heap after
Heap after GC invocations=25 (full 3):
 def new generation   total 77248K, used 4534K [0x05200000, 0x0a5d0000, 0x0fca0000)
  eden space 68672K,   0% used [0x05200000, 0x05200000, 0x09510000)
  from space 8576K,  52% used [0x09d70000, 0x0a1dda88, 0x0a5d0000)
  to   space 8576K,   0% used [0x09510000, 0x09510000, 0x09d70000)
 tenured generation   total 171552K, used 133913K [0x0fca0000, 0x1a428000, 0x25200000)
   the space 171552K,  78% used [0x0fca0000, 0x17f66608, 0x17f66800, 0x1a428000)
 Metaspace       used 25572K, capacity 26189K, committed 26240K, reserved 27008K
}

